<?xml version="1.0" encoding="UTF-8"?>
<!-- Generated by org.testng.reporters.JUnitXMLReporter -->
<testsuite ignored="0" hostname="DESKTOP-LF4M6VB" failures="1" tests="4" name="Test" time="60.498" errors="0" timestamp="2023-04-17T21:32:00 WAT">
  <testcase classname="tests.LoginTest" name="login" time="2.24"/>
  <testcase classname="tests.LoginTest" name="login" time="16.651"/>
  <testcase classname="tests.OneTest" name="oneTest" time="10.33"/>
  <testcase classname="tests.TwoTest" name="twoTest" time="10.404">
    <failure type="java.lang.AssertionError" message="expected [true] but found [false]">
      <![CDATA[java.lang.AssertionError: expected [true] but found [false]
at tests.TwoTest.twoTest(TwoTest.java:22)
at java.base/java.util.ArrayList.forEach(ArrayList.java:1511)
... Removed 31 stack frames]]>
    </failure>
  </testcase> <!-- twoTest -->
</testsuite> <!-- Test -->
